  WinMain.cpp
M:\vs2019_project\hw3d\hw3d\WinMain.cpp(271,21): warning C4477: 'swprintf' : format string '%f' requires an argument of type 'double', but variadic argument 1 has type 'const int'
M:\vs2019_project\hw3d\hw3d\WinMain.cpp(304,43): warning C4244: 'initializing': conversion from 'double' to 'float', possible loss of data
M:\vs2019_project\hw3d\hw3d\WinMain.cpp(304,16): warning C4244: 'initializing': conversion from 'double' to 'const float', possible loss of data
M:\vs2019_project\hw3d\hw3d\WinMain.cpp(305,43): warning C4244: 'initializing': conversion from 'double' to 'float', possible loss of data
M:\vs2019_project\hw3d\hw3d\WinMain.cpp(305,16): warning C4244: 'initializing': conversion from 'double' to 'const float', possible loss of data
M:\vs2019_project\hw3d\hw3d\WinMain.cpp(306,43): warning C4244: 'initializing': conversion from 'double' to 'float', possible loss of data
M:\vs2019_project\hw3d\hw3d\WinMain.cpp(306,16): warning C4244: 'initializing': conversion from 'double' to 'const float', possible loss of data
M:\vs2019_project\hw3d\hw3d\WinMain.cpp(427,24): warning C4244: '=': conversion from 'float' to 'UINT', possible loss of data
M:\vs2019_project\hw3d\hw3d\WinMain.cpp(428,24): warning C4244: '=': conversion from 'float' to 'UINT', possible loss of data
M:\vs2019_project\hw3d\hw3d\WinMain.cpp(467,14): warning C4244: '=': conversion from 'float' to 'UINT', possible loss of data
M:\vs2019_project\hw3d\hw3d\WinMain.cpp(468,15): warning C4244: '=': conversion from 'float' to 'UINT', possible loss of data
M:\vs2019_project\hw3d\hw3d\WinMain.cpp(507,44): warning C4244: 'initializing': conversion from 'double' to 'float', possible loss of data
M:\vs2019_project\hw3d\hw3d\WinMain.cpp(507,17): warning C4244: 'initializing': conversion from 'double' to 'const float', possible loss of data
M:\vs2019_project\hw3d\hw3d\WinMain.cpp(508,44): warning C4244: 'initializing': conversion from 'double' to 'float', possible loss of data
M:\vs2019_project\hw3d\hw3d\WinMain.cpp(508,17): warning C4244: 'initializing': conversion from 'double' to 'const float', possible loss of data
M:\vs2019_project\hw3d\hw3d\WinMain.cpp(509,44): warning C4244: 'initializing': conversion from 'double' to 'float', possible loss of data
M:\vs2019_project\hw3d\hw3d\WinMain.cpp(509,17): warning C4244: 'initializing': conversion from 'double' to 'const float', possible loss of data
M:\vs2019_project\hw3d\hw3d\WinMain.cpp(800,51): warning C4244: 'argument': conversion from 'float' to 'int', possible loss of data
M:\vs2019_project\hw3d\hw3d\WinMain.cpp(800,44): warning C4244: 'argument': conversion from 'float' to 'int', possible loss of data
M:\vs2019_project\hw3d\hw3d\WinMain.cpp(809,65): warning C4244: 'argument': conversion from 'float' to 'int', possible loss of data
M:\vs2019_project\hw3d\hw3d\WinMain.cpp(809,42): warning C4244: 'argument': conversion from 'float' to 'int', possible loss of data
  hw3d.vcxproj -> M:\vs2019_project\hw3d\Debug\hw3d.exe
