m:\vs2019_project\hw3d\hw3d\debug\vc142.pdb
m:\vs2019_project\hw3d\hw3d\debug\vc142.idb
m:\vs2019_project\hw3d\hw3d\debug\winmain.obj
m:\vs2019_project\hw3d\hw3d\debug\mydxobject.obj
m:\vs2019_project\hw3d\hw3d\debug\dx11.obj
m:\vs2019_project\hw3d\hw3d\debug\csdn_main.obj
m:\vs2019_project\hw3d\hw3d\pixelshader.cso
m:\vs2019_project\hw3d\hw3d\vertexshader.cso
m:\vs2019_project\hw3d\debug\hw3d.exe
m:\vs2019_project\hw3d\debug\hw3d.ilk
m:\vs2019_project\hw3d\debug\hw3d.pdb
m:\vs2019_project\hw3d\hw3d\debug\hw3d.tlog\cl.command.1.tlog
m:\vs2019_project\hw3d\hw3d\debug\hw3d.tlog\cl.read.1.tlog
m:\vs2019_project\hw3d\hw3d\debug\hw3d.tlog\cl.write.1.tlog
m:\vs2019_project\hw3d\hw3d\debug\hw3d.tlog\fxc.command.1.tlog
m:\vs2019_project\hw3d\hw3d\debug\hw3d.tlog\fxc.read.1.tlog
m:\vs2019_project\hw3d\hw3d\debug\hw3d.tlog\fxc.write.1.tlog
m:\vs2019_project\hw3d\hw3d\debug\hw3d.tlog\link.command.1.tlog
m:\vs2019_project\hw3d\hw3d\debug\hw3d.tlog\link.read.1.tlog
m:\vs2019_project\hw3d\hw3d\debug\hw3d.tlog\link.write.1.tlog
